[2023-04-14T15:12:01.821+0000] {taskinstance.py:1084} INFO - Dependencies all met for dep_context=non-requeueable deps ti=<TaskInstance: execute_24hr_data_scrape.id_2 scheduled__2023-04-14T15:11:00+00:00 [queued]>
[2023-04-14T15:12:01.830+0000] {taskinstance.py:1084} INFO - Dependencies all met for dep_context=requeueable deps ti=<TaskInstance: execute_24hr_data_scrape.id_2 scheduled__2023-04-14T15:11:00+00:00 [queued]>
[2023-04-14T15:12:01.831+0000] {taskinstance.py:1282} INFO - 
--------------------------------------------------------------------------------
[2023-04-14T15:12:01.831+0000] {taskinstance.py:1283} INFO - Starting attempt 1 of 4
[2023-04-14T15:12:01.832+0000] {taskinstance.py:1284} INFO - 
--------------------------------------------------------------------------------
[2023-04-14T15:12:01.847+0000] {taskinstance.py:1303} INFO - Executing <Task(BashOperator): id_2> on 2023-04-14 15:11:00+00:00
[2023-04-14T15:12:01.852+0000] {standard_task_runner.py:55} INFO - Started process 3047 to run task
[2023-04-14T15:12:01.854+0000] {standard_task_runner.py:82} INFO - Running: ['***', 'tasks', 'run', 'execute_24hr_data_scrape', 'id_2', 'scheduled__2023-04-14T15:11:00+00:00', '--job-id', '164', '--raw', '--subdir', 'DAGS_FOLDER/exec_web_crawlers_dag.py', '--cfg-path', '/tmp/tmpqvczjkgr']
[2023-04-14T15:12:01.856+0000] {standard_task_runner.py:83} INFO - Job 164: Subtask id_2
[2023-04-14T15:12:01.907+0000] {task_command.py:388} INFO - Running <TaskInstance: execute_24hr_data_scrape.id_2 scheduled__2023-04-14T15:11:00+00:00 [running]> on host 6f8cd9778af0
[2023-04-14T15:12:01.971+0000] {taskinstance.py:1511} INFO - Exporting the following env vars:
AIRFLOW_CTX_DAG_OWNER=xiaochen
AIRFLOW_CTX_DAG_ID=execute_24hr_data_scrape
AIRFLOW_CTX_TASK_ID=id_2
AIRFLOW_CTX_EXECUTION_DATE=2023-04-14T15:11:00+00:00
AIRFLOW_CTX_TRY_NUMBER=1
AIRFLOW_CTX_DAG_RUN_ID=scheduled__2023-04-14T15:11:00+00:00
[2023-04-14T15:12:01.972+0000] {subprocess.py:63} INFO - Tmp dir root location: 
 /tmp
[2023-04-14T15:12:01.973+0000] {subprocess.py:75} INFO - Running command: ['/bin/bash', '-c', 'python /opt/***/src/news_comments_crawlers/crawlers/_EN_CNA.py --name CNA']
[2023-04-14T15:12:01.980+0000] {subprocess.py:86} INFO - Output:
[2023-04-14T15:12:03.954+0000] {subprocess.py:93} INFO - 
[2023-04-14T15:12:03.955+0000] {subprocess.py:93} INFO - --DEBUG: __file__:     /opt/***/src/news_comments_crawlers/crawlers/config/Constants.py
[2023-04-14T15:12:03.955+0000] {subprocess.py:93} INFO - 
[2023-04-14T15:12:03.956+0000] {subprocess.py:93} INFO - -- Session Object : Good to go.
[2023-04-14T15:12:03.956+0000] {subprocess.py:93} INFO - 
[2023-04-14T15:12:03.957+0000] {subprocess.py:93} INFO - -- Folders: Good to go.
[2023-04-14T15:12:03.957+0000] {subprocess.py:93} INFO - []
[2023-04-14T15:12:03.958+0000] {subprocess.py:93} INFO - 
[2023-04-14T15:12:03.958+0000] {subprocess.py:93} INFO - --DEBUG: Platform -  CNA
[2023-04-14T15:12:03.958+0000] {subprocess.py:93} INFO - 
[2023-04-14T15:12:03.959+0000] {subprocess.py:93} INFO - --DEBUG: Start-time -  2023-04-13 15:12:03.904259
[2023-04-14T15:12:03.959+0000] {subprocess.py:93} INFO - 
[2023-04-14T15:12:03.960+0000] {subprocess.py:93} INFO - --DEBUG: End-time -  2023-04-14 15:12:03.904259
[2023-04-14T15:12:03.960+0000] {subprocess.py:93} INFO - 
[2023-04-14T15:12:03.961+0000] {subprocess.py:93} INFO - --DEBUG: Link Path - /opt/***/src/news_comments_crawlers/crawlers/out/2023-04-14/links/CNA_2023-04-14_15.txt
[2023-04-14T15:12:03.961+0000] {subprocess.py:93} INFO - 
[2023-04-14T15:12:03.961+0000] {subprocess.py:93} INFO - --DEBUG: JSON Data Path - /opt/***/src/news_comments_crawlers/crawlers/out/2023-04-14/data/json/CNA_2023-04-14_15.json
[2023-04-14T15:12:03.962+0000] {subprocess.py:93} INFO - 
[2023-04-14T15:12:03.962+0000] {subprocess.py:93} INFO - --DEBUG: DF Data Path - /opt/***/src/news_comments_crawlers/crawlers/out/2023-04-14/data/df/CNA_2023-04-14_15.pickle
[2023-04-14T15:12:03.963+0000] {subprocess.py:93} INFO - 
[2023-04-14T15:12:03.963+0000] {subprocess.py:93} INFO - --DEBUG: True
[2023-04-14T15:12:03.964+0000] {subprocess.py:93} INFO - 
[2023-04-14T15:12:03.964+0000] {subprocess.py:93} INFO - --DEBUG: Using URLs from cache file
[2023-04-14T15:12:03.965+0000] {subprocess.py:93} INFO - 
[2023-04-14T15:12:03.965+0000] {subprocess.py:93} INFO - --DEBUG: Using Articles from cache file
[2023-04-14T15:12:03.970+0000] {subprocess.py:93} INFO - Traceback (most recent call last):
[2023-04-14T15:12:03.970+0000] {subprocess.py:93} INFO -   File "/home/***/.local/lib/python3.7/site-packages/nltk/corpus/util.py", line 84, in __load
[2023-04-14T15:12:03.971+0000] {subprocess.py:93} INFO -     root = nltk.data.find(f"{self.subdir}/{zip_name}")
[2023-04-14T15:12:03.971+0000] {subprocess.py:93} INFO -   File "/home/***/.local/lib/python3.7/site-packages/nltk/data.py", line 583, in find
[2023-04-14T15:12:03.971+0000] {subprocess.py:93} INFO -     raise LookupError(resource_not_found)
[2023-04-14T15:12:03.972+0000] {subprocess.py:93} INFO - LookupError:
[2023-04-14T15:12:03.972+0000] {subprocess.py:93} INFO - **********************************************************************
[2023-04-14T15:12:03.973+0000] {subprocess.py:93} INFO -   Resource [93mstopwords[0m not found.
[2023-04-14T15:12:03.973+0000] {subprocess.py:93} INFO -   Please use the NLTK Downloader to obtain the resource:
[2023-04-14T15:12:03.973+0000] {subprocess.py:93} INFO - 
[2023-04-14T15:12:03.974+0000] {subprocess.py:93} INFO -   [31m>>> import nltk
[2023-04-14T15:12:03.974+0000] {subprocess.py:93} INFO -   >>> nltk.download('stopwords')
[2023-04-14T15:12:03.975+0000] {subprocess.py:93} INFO -   [0m
[2023-04-14T15:12:03.975+0000] {subprocess.py:93} INFO -   For more information see: https://www.nltk.org/data.html
[2023-04-14T15:12:03.975+0000] {subprocess.py:93} INFO - 
[2023-04-14T15:12:03.976+0000] {subprocess.py:93} INFO -   Attempted to load [93mcorpora/stopwords.zip/stopwords/[0m
[2023-04-14T15:12:03.976+0000] {subprocess.py:93} INFO - 
[2023-04-14T15:12:03.977+0000] {subprocess.py:93} INFO -   Searched in:
[2023-04-14T15:12:03.977+0000] {subprocess.py:93} INFO -     - '/home/***/nltk_data'
[2023-04-14T15:12:03.977+0000] {subprocess.py:93} INFO -     - '/usr/local/nltk_data'
[2023-04-14T15:12:03.978+0000] {subprocess.py:93} INFO -     - '/usr/local/share/nltk_data'
[2023-04-14T15:12:03.978+0000] {subprocess.py:93} INFO -     - '/usr/local/lib/nltk_data'
[2023-04-14T15:12:03.979+0000] {subprocess.py:93} INFO -     - '/usr/share/nltk_data'
[2023-04-14T15:12:03.979+0000] {subprocess.py:93} INFO -     - '/usr/local/share/nltk_data'
[2023-04-14T15:12:03.979+0000] {subprocess.py:93} INFO -     - '/usr/lib/nltk_data'
[2023-04-14T15:12:03.980+0000] {subprocess.py:93} INFO -     - '/usr/local/lib/nltk_data'
[2023-04-14T15:12:03.980+0000] {subprocess.py:93} INFO - **********************************************************************
[2023-04-14T15:12:03.981+0000] {subprocess.py:93} INFO - 
[2023-04-14T15:12:03.981+0000] {subprocess.py:93} INFO - 
[2023-04-14T15:12:03.981+0000] {subprocess.py:93} INFO - During handling of the above exception, another exception occurred:
[2023-04-14T15:12:03.982+0000] {subprocess.py:93} INFO - 
[2023-04-14T15:12:03.982+0000] {subprocess.py:93} INFO - Traceback (most recent call last):
[2023-04-14T15:12:03.982+0000] {subprocess.py:93} INFO -   File "/opt/***/src/news_comments_crawlers/crawlers/_EN_CNA.py", line 197, in <module>
[2023-04-14T15:12:03.983+0000] {subprocess.py:93} INFO -     main()
[2023-04-14T15:12:03.983+0000] {subprocess.py:93} INFO -   File "/opt/***/src/news_comments_crawlers/crawlers/_EN_CNA.py", line 173, in main
[2023-04-14T15:12:03.983+0000] {subprocess.py:93} INFO -     articles_df = Preprocessor({'data':articles,'lang':LANG,'org':1,'source': S_ID}).preprocess(func=extract_datetime_cna)
[2023-04-14T15:12:03.984+0000] {subprocess.py:93} INFO -   File "/opt/***/src/news_comments_crawlers/crawlers/config/Preprocessor.py", line 39, in __init__
[2023-04-14T15:12:03.984+0000] {subprocess.py:93} INFO -     self.stop_words = set(stopwords.words('english'))
[2023-04-14T15:12:03.984+0000] {subprocess.py:93} INFO -   File "/home/***/.local/lib/python3.7/site-packages/nltk/corpus/util.py", line 121, in __getattr__
[2023-04-14T15:12:03.985+0000] {subprocess.py:93} INFO -     self.__load()
[2023-04-14T15:12:03.985+0000] {subprocess.py:93} INFO -   File "/home/***/.local/lib/python3.7/site-packages/nltk/corpus/util.py", line 86, in __load
[2023-04-14T15:12:03.985+0000] {subprocess.py:93} INFO -     raise e
[2023-04-14T15:12:03.986+0000] {subprocess.py:93} INFO -   File "/home/***/.local/lib/python3.7/site-packages/nltk/corpus/util.py", line 81, in __load
[2023-04-14T15:12:03.986+0000] {subprocess.py:93} INFO -     root = nltk.data.find(f"{self.subdir}/{self.__name}")
[2023-04-14T15:12:03.987+0000] {subprocess.py:93} INFO -   File "/home/***/.local/lib/python3.7/site-packages/nltk/data.py", line 583, in find
[2023-04-14T15:12:03.987+0000] {subprocess.py:93} INFO -     raise LookupError(resource_not_found)
[2023-04-14T15:12:03.988+0000] {subprocess.py:93} INFO - LookupError:
[2023-04-14T15:12:03.988+0000] {subprocess.py:93} INFO - **********************************************************************
[2023-04-14T15:12:03.988+0000] {subprocess.py:93} INFO -   Resource [93mstopwords[0m not found.
[2023-04-14T15:12:03.989+0000] {subprocess.py:93} INFO -   Please use the NLTK Downloader to obtain the resource:
[2023-04-14T15:12:03.989+0000] {subprocess.py:93} INFO - 
[2023-04-14T15:12:03.989+0000] {subprocess.py:93} INFO -   [31m>>> import nltk
[2023-04-14T15:12:03.990+0000] {subprocess.py:93} INFO -   >>> nltk.download('stopwords')
[2023-04-14T15:12:03.990+0000] {subprocess.py:93} INFO -   [0m
[2023-04-14T15:12:03.990+0000] {subprocess.py:93} INFO -   For more information see: https://www.nltk.org/data.html
[2023-04-14T15:12:03.991+0000] {subprocess.py:93} INFO - 
[2023-04-14T15:12:03.991+0000] {subprocess.py:93} INFO -   Attempted to load [93mcorpora/stopwords[0m
[2023-04-14T15:12:03.991+0000] {subprocess.py:93} INFO - 
[2023-04-14T15:12:03.992+0000] {subprocess.py:93} INFO -   Searched in:
[2023-04-14T15:12:03.992+0000] {subprocess.py:93} INFO -     - '/home/***/nltk_data'
[2023-04-14T15:12:03.992+0000] {subprocess.py:93} INFO -     - '/usr/local/nltk_data'
[2023-04-14T15:12:03.993+0000] {subprocess.py:93} INFO -     - '/usr/local/share/nltk_data'
[2023-04-14T15:12:03.993+0000] {subprocess.py:93} INFO -     - '/usr/local/lib/nltk_data'
[2023-04-14T15:12:03.993+0000] {subprocess.py:93} INFO -     - '/usr/share/nltk_data'
[2023-04-14T15:12:03.994+0000] {subprocess.py:93} INFO -     - '/usr/local/share/nltk_data'
[2023-04-14T15:12:03.994+0000] {subprocess.py:93} INFO -     - '/usr/lib/nltk_data'
[2023-04-14T15:12:03.994+0000] {subprocess.py:93} INFO -     - '/usr/local/lib/nltk_data'
[2023-04-14T15:12:03.995+0000] {subprocess.py:93} INFO - **********************************************************************
[2023-04-14T15:12:03.995+0000] {subprocess.py:93} INFO - 
[2023-04-14T15:12:04.118+0000] {subprocess.py:97} INFO - Command exited with return code 1
[2023-04-14T15:12:04.127+0000] {taskinstance.py:1775} ERROR - Task failed with exception
Traceback (most recent call last):
  File "/home/airflow/.local/lib/python3.7/site-packages/airflow/operators/bash.py", line 197, in execute
    f"Bash command failed. The command returned a non-zero exit code {result.exit_code}."
airflow.exceptions.AirflowException: Bash command failed. The command returned a non-zero exit code 1.
[2023-04-14T15:12:04.130+0000] {taskinstance.py:1326} INFO - Marking task as UP_FOR_RETRY. dag_id=execute_24hr_data_scrape, task_id=id_2, execution_date=20230414T151100, start_date=20230414T151201, end_date=20230414T151204
[2023-04-14T15:12:04.140+0000] {standard_task_runner.py:105} ERROR - Failed to execute job 164 for task id_2 (Bash command failed. The command returned a non-zero exit code 1.; 3047)
[2023-04-14T15:12:04.155+0000] {local_task_job.py:212} INFO - Task exited with return code 1
[2023-04-14T15:12:04.170+0000] {taskinstance.py:2585} INFO - 0 downstream tasks scheduled from follow-on schedule check
