[2023-04-14T15:14:07.148+0000] {taskinstance.py:1084} INFO - Dependencies all met for dep_context=non-requeueable deps ti=<TaskInstance: execute_24hr_data_scrape.id_2 scheduled__2023-04-14T15:03:00+00:00 [queued]>
[2023-04-14T15:14:07.158+0000] {taskinstance.py:1084} INFO - Dependencies all met for dep_context=requeueable deps ti=<TaskInstance: execute_24hr_data_scrape.id_2 scheduled__2023-04-14T15:03:00+00:00 [queued]>
[2023-04-14T15:14:07.159+0000] {taskinstance.py:1282} INFO - 
--------------------------------------------------------------------------------
[2023-04-14T15:14:07.159+0000] {taskinstance.py:1283} INFO - Starting attempt 3 of 4
[2023-04-14T15:14:07.160+0000] {taskinstance.py:1284} INFO - 
--------------------------------------------------------------------------------
[2023-04-14T15:14:07.174+0000] {taskinstance.py:1303} INFO - Executing <Task(BashOperator): id_2> on 2023-04-14 15:03:00+00:00
[2023-04-14T15:14:07.179+0000] {standard_task_runner.py:55} INFO - Started process 3337 to run task
[2023-04-14T15:14:07.182+0000] {standard_task_runner.py:82} INFO - Running: ['***', 'tasks', 'run', 'execute_24hr_data_scrape', 'id_2', 'scheduled__2023-04-14T15:03:00+00:00', '--job-id', '177', '--raw', '--subdir', 'DAGS_FOLDER/exec_web_crawlers_dag.py', '--cfg-path', '/tmp/tmph1al7bbi']
[2023-04-14T15:14:07.184+0000] {standard_task_runner.py:83} INFO - Job 177: Subtask id_2
[2023-04-14T15:14:07.247+0000] {task_command.py:388} INFO - Running <TaskInstance: execute_24hr_data_scrape.id_2 scheduled__2023-04-14T15:03:00+00:00 [running]> on host 6f8cd9778af0
[2023-04-14T15:14:07.309+0000] {taskinstance.py:1511} INFO - Exporting the following env vars:
AIRFLOW_CTX_DAG_OWNER=xiaochen
AIRFLOW_CTX_DAG_ID=execute_24hr_data_scrape
AIRFLOW_CTX_TASK_ID=id_2
AIRFLOW_CTX_EXECUTION_DATE=2023-04-14T15:03:00+00:00
AIRFLOW_CTX_TRY_NUMBER=3
AIRFLOW_CTX_DAG_RUN_ID=scheduled__2023-04-14T15:03:00+00:00
[2023-04-14T15:14:07.310+0000] {subprocess.py:63} INFO - Tmp dir root location: 
 /tmp
[2023-04-14T15:14:07.311+0000] {subprocess.py:75} INFO - Running command: ['/bin/bash', '-c', 'python /opt/***/src/news_comments_crawlers/crawlers/_EN_CNA.py --name CNA']
[2023-04-14T15:14:07.320+0000] {subprocess.py:86} INFO - Output:
[2023-04-14T15:14:07.480+0000] {local_task_job.py:113} ERROR - Received SIGTERM. Terminating subprocesses
[2023-04-14T15:14:07.485+0000] {process_utils.py:133} INFO - Sending Signals.SIGTERM to group 3337. PIDs of all processes in the group: [3338, 3337]
[2023-04-14T15:14:07.487+0000] {process_utils.py:84} INFO - Sending the signal Signals.SIGTERM to group 3337
[2023-04-14T15:14:07.488+0000] {taskinstance.py:1482} ERROR - Received SIGTERM. Terminating subprocesses.
[2023-04-14T15:14:07.491+0000] {subprocess.py:104} INFO - Sending SIGTERM signal to process group
[2023-04-14T15:14:07.506+0000] {taskinstance.py:1775} ERROR - Task failed with exception
Traceback (most recent call last):
  File "/home/airflow/.local/lib/python3.7/site-packages/airflow/models/taskinstance.py", line 1523, in _execute_task_with_callbacks
    result = self._execute_task(context, task_orig)
  File "/home/airflow/.local/lib/python3.7/site-packages/airflow/models/taskinstance.py", line 1588, in _execute_task
    result = execute_callable(context=context)
  File "/home/airflow/.local/lib/python3.7/site-packages/airflow/operators/bash.py", line 191, in execute
    cwd=self.cwd,
  File "/home/airflow/.local/lib/python3.7/site-packages/airflow/hooks/subprocess.py", line 91, in run_command
    for raw_line in iter(self.sub_process.stdout.readline, b""):
  File "/home/airflow/.local/lib/python3.7/site-packages/airflow/models/taskinstance.py", line 1483, in signal_handler
    raise AirflowTermSignal("Task received SIGTERM signal")
airflow.exceptions.AirflowTermSignal: Task received SIGTERM signal

During handling of the above exception, another exception occurred:

Traceback (most recent call last):
  File "/home/airflow/.local/lib/python3.7/site-packages/airflow/models/taskinstance.py", line 1377, in _run_raw_task
    self._execute_task_with_callbacks(context, test_mode)
  File "/home/airflow/.local/lib/python3.7/site-packages/airflow/models/taskinstance.py", line 1530, in _execute_task_with_callbacks
    raise AirflowException("Task received SIGTERM signal")
airflow.exceptions.AirflowException: Task received SIGTERM signal
[2023-04-14T15:14:07.513+0000] {taskinstance.py:1326} INFO - Marking task as UP_FOR_RETRY. dag_id=execute_24hr_data_scrape, task_id=id_2, execution_date=20230414T150300, start_date=20230414T151407, end_date=20230414T151407
[2023-04-14T15:14:07.552+0000] {standard_task_runner.py:105} ERROR - Failed to execute job 177 for task id_2 (Task received SIGTERM signal; 3337)
[2023-04-14T15:14:07.599+0000] {process_utils.py:79} INFO - Process psutil.Process(pid=3338, status='terminated', started='15:14:06') (3338) terminated with exit code None
[2023-04-14T15:14:07.600+0000] {process_utils.py:79} INFO - Process psutil.Process(pid=3337, status='terminated', exitcode=1, started='15:14:06') (3337) terminated with exit code 1
[2023-04-14T15:14:07.601+0000] {local_task_job.py:212} INFO - Task exited with return code 143
[2023-04-14T15:14:07.620+0000] {taskinstance.py:2585} INFO - 0 downstream tasks scheduled from follow-on schedule check
[2023-04-14T15:14:09.812+0000] {local_task_job.py:113} ERROR - Received SIGTERM. Terminating subprocesses
[2023-04-14T15:14:09.813+0000] {local_task_job.py:212} INFO - Task exited with return code 143
